<?xml version="1.0" encoding="UTF-8"?>
<!-- Generated by org.testng.reporters.JUnitReportReporter -->
<testsuite hostname="DESKTOP-2G9V72L" failures="0" tests="1" name="framesworksinheritance.openbrowser" time="14.944" errors="0" timestamp="2021-12-23T14:09:22 IST" skipped="0">
  <testcase classname="framesworksinheritance.openbrowser" name="loginfertilizer" time="14.944"/>
  <system-out/>
</testsuite> <!-- framesworksinheritance.openbrowser -->
