<?xml version="1.0" encoding="UTF-8"?>
<!-- Generated by org.testng.reporters.JUnitReportReporter -->
<testsuite hostname="DESKTOP-2G9V72L" failures="0" tests="2" name="pageobjectmodel.withpageobjectmodels" time="12.719" errors="0" timestamp="2021-12-23T15:42:40 IST" skipped="0">
  <testcase classname="pageobjectmodel.withpageobjectmodels" name="loginfacebook" time="6.601"/>
  <system-out/>
  <testcase classname="pageobjectmodel.withpageobjectmodels" name="verifygooglesearch" time="6.118"/>
  <system-out/>
</testsuite> <!-- pageobjectmodel.withpageobjectmodels -->
